"D:/FER/VO/Git/github2/blazenko/source/Content/AI/Cipal/Character/Cipal_Skeleton.uasset" 0
"D:/FER/VO/Git/github2/blazenko/source/Content/AI/Cipal/Character/Cipal_Anim_CipalSkeleton_1TPose.uasset" 1
"D:/FER/VO/Git/github2/blazenko/source/Content/AI/Cipal/Character/Cipal_Anim_CipalSkeleton_Attack3.uasset" 2
"D:/FER/VO/Git/github2/blazenko/source/Content/AI/Cipal/Character/Cipal_Anim_CipalSkeleton_Dash.uasset" 3
"D:/FER/VO/Git/github2/blazenko/source/Content/AI/Cipal/Character/Cipal_Anim_CipalSkeleton_MoveBackwards.uasset" 4
"D:/FER/VO/Git/github2/blazenko/source/Content/AI/Cipal/Character/Cipal_Anim_CipalSkeleton_MoveRight.uasset" 5
"D:/FER/VO/Git/github2/blazenko/source/Content/AI/Cipal/Character/Cipal_Anim_CipalSkeleton_Roll.uasset" 6
"D:/FER/VO/Git/github2/blazenko/source/Content/AI/Gof/Models/Character/Gof_Skeleton.uasset" 7
"D:/FER/VO/Git/github2/blazenko/source/Content/AI/Gof/Models/Character/Gof_Anim_Armature_1TPose.uasset" 8
"D:/FER/VO/Git/github2/blazenko/source/Content/AI/Gof/Models/Character/Gof_Anim_Armature_Death.uasset" 9
"D:/FER/VO/Git/github2/blazenko/source/Content/AI/Gof/Models/Character/Gof_Death.uasset" 10
"D:/FER/VO/Git/github2/blazenko/source/Content/AI/Gof/Models/Hammer/GofHammer_Skeleton.uasset" 11
"D:/FER/VO/Git/github2/blazenko/source/Content/AI/Gof/Models/Hammer/GofHammer_Anim.uasset" 12
"D:/FER/VO/Git/github2/blazenko/source/Content/AI/Tuna/Character/Tuna_Skeleton.uasset" 13
"D:/FER/VO/Git/github2/blazenko/source/Content/AI/Tuna/Character/Tuna_Anim_SrdelaSkeleton_1TPose.uasset" 14
"D:/FER/VO/Git/github2/blazenko/source/Content/AI/Tuna/Character/Tuna_Anim_SrdelaSkeleton_BlockHit.uasset" 15
"D:/FER/VO/Git/github2/blazenko/source/Content/AI/Tuna/Character/Tuna_Anim_SrdelaSkeleton_BlockPose.uasset" 16
"D:/FER/VO/Git/github2/blazenko/source/Content/AI/Tuna/Character/Tuna_Anim_SrdelaSkeleton_Dash.uasset" 17
"D:/FER/VO/Git/github2/blazenko/source/Content/AI/Tuna/Character/Tuna_Anim_SrdelaSkeleton_MoveBackwards.uasset" 18
"D:/FER/VO/Git/github2/blazenko/source/Content/AI/Tuna/Character/Tuna_Anim_SrdelaSkeleton_MoveRight.uasset" 19
"D:/FER/VO/Git/github2/blazenko/source/Content/AI/Tuna/Character/Tuna_Anim_SrdelaSkeleton_Roll.uasset" 20
"D:/FER/VO/Git/github2/blazenko/source/Content/AI/Tuna/Character/Tuna_Anim_SrdelaSkeleton_ShieldUp.uasset" 21
"D:/FER/VO/Git/github2/blazenko/source/Content/Audio/Footsteps/footstep_dirt_3.uasset" 22
"D:/FER/VO/Git/github2/blazenko/source/Content/Audio/Footsteps/footstep_dirt_7.uasset" 23
"D:/FER/VO/Git/github2/blazenko/source/Content/Audio/Footsteps/loud_footstep_1.uasset" 24
"D:/FER/VO/Git/github2/blazenko/source/Content/Audio/Shield/ShieldBounce.uasset" 25
"D:/FER/VO/Git/github2/blazenko/source/Content/Audio/Shield/ShieldBounce_Cue.uasset" 26
"D:/FER/VO/Git/github2/blazenko/source/Content/Audio/Shield/ShieldCatch.uasset" 27
"D:/FER/VO/Git/github2/blazenko/source/Content/Audio/Shield/ShieldCatch_Cue.uasset" 28
"D:/FER/VO/Git/github2/blazenko/source/Content/Audio/Shield/ShieldHit.uasset" 29
"D:/FER/VO/Git/github2/blazenko/source/Content/Audio/Shield/ShieldHit_Cue.uasset" 30
"D:/FER/VO/Git/github2/blazenko/source/Content/Audio/Shield/ShieldThrow.uasset" 31
"D:/FER/VO/Git/github2/blazenko/source/Content/Audio/Shield/ShieldThrow_Cue.uasset" 32
"D:/FER/VO/Git/github2/blazenko/source/Content/Mannequin/Character/Mesh/UE4_Mannequin_Skeleton.uasset" 33
"D:/FER/VO/Git/github2/blazenko/source/Content/Mannequin/Animations/ThirdPersonJump_End.uasset" 34
"D:/FER/VO/Git/github2/blazenko/source/Content/Mannequin/Animations/ThirdPerson_Jump.uasset" 35
"D:/FER/VO/Git/github2/blazenko/source/Content/Mannequin/Animations/ThirdPersonJump_Loop.uasset" 36
"D:/FER/VO/Git/github2/blazenko/source/Content/Mannequin/Animations/ThirdPersonJump_Start.uasset" 37
"D:/FER/VO/Git/github2/blazenko/source/Content/Mannequin/Animations/ThirdPersonIdle.uasset" 38
"D:/FER/VO/Git/github2/blazenko/source/Content/Mannequin/Animations/ThirdPersonRun.uasset" 39
"D:/FER/VO/Git/github2/blazenko/source/Content/Mannequin/Animations/ThirdPersonWalk.uasset" 40
"D:/FER/VO/Git/github2/blazenko/source/Content/Mannequin/Animations/ThirdPerson_IdleRun_2D.uasset" 41
"../../../Engine/Content/EditorBlueprintResources/StandardMacros.uasset" 42
"D:/FER/VO/Git/github2/blazenko/source/Content/Mannequin/Animations/ThirdPerson_AnimBP.uasset" 43
"../../../Engine/Content/Functions/Engine_MaterialFunctions02/Utility/BlendAngleCorrectedNormals.uasset" 44
"../../../Engine/Content/Functions/MaterialLayerFunctions/MatLayerBlend_NormalBlend.uasset" 45
"../../../Engine/Content/Functions/MaterialLayerFunctions/MatLayerBlend_Simple.uasset" 46
"D:/FER/VO/Git/github2/blazenko/source/Content/Mannequin/Character/Materials/MaterialLayers/T_ML_Rubber_Blue_01_D.uasset" 47
"D:/FER/VO/Git/github2/blazenko/source/Content/Mannequin/Character/Materials/MaterialLayers/T_ML_Rubber_Blue_01_N.uasset" 48
"D:/FER/VO/Git/github2/blazenko/source/Content/Mannequin/Character/Materials/MaterialLayers/ML_GlossyBlack_Latex_UE4.uasset" 49
"D:/FER/VO/Git/github2/blazenko/source/Content/Mannequin/Character/Materials/MaterialLayers/ML_Plastic_Shiny_Beige.uasset" 50
"D:/FER/VO/Git/github2/blazenko/source/Content/Mannequin/Character/Textures/UE4_LOGO_CARD.uasset" 51
"D:/FER/VO/Git/github2/blazenko/source/Content/Mannequin/Character/Materials/MaterialLayers/ML_Plastic_Shiny_Beige_LOGO.uasset" 52
"D:/FER/VO/Git/github2/blazenko/source/Content/Mannequin/Character/Materials/MaterialLayers/T_ML_Aluminum01.uasset" 53
"D:/FER/VO/Git/github2/blazenko/source/Content/Mannequin/Character/Materials/MaterialLayers/T_ML_Aluminum01_N.uasset" 54
"D:/FER/VO/Git/github2/blazenko/source/Content/Mannequin/Character/Materials/MaterialLayers/ML_SoftMetal_UE4.uasset" 55
"D:/FER/VO/Git/github2/blazenko/source/Content/Mannequin/Character/Textures/UE4_Mannequin__normals.uasset" 56
"D:/FER/VO/Git/github2/blazenko/source/Content/Mannequin/Character/Textures/UE4_Mannequin_MAT_MASKA.uasset" 57
"D:/FER/VO/Git/github2/blazenko/source/Content/Mannequin/Character/Materials/M_UE4Man_Body.uasset" 58
"D:/FER/VO/Git/github2/blazenko/source/Content/Mannequin/Character/Textures/UE4Man_Logo_N.uasset" 59
"D:/FER/VO/Git/github2/blazenko/source/Content/Mannequin/Character/Materials/M_UE4Man_ChestLogo.uasset" 60
"D:/FER/VO/Git/github2/blazenko/source/Content/Mannequin/Character/Mesh/SK_Mannequin_PhysicsAsset.uasset" 61
"D:/FER/VO/Git/github2/blazenko/source/Content/Mannequin/Character/Mesh/SK_Mannequin.uasset" 62
"D:/FER/VO/Git/github2/blazenko/source/Content/StarterContent/Materials/M_Basic_Wall.uasset" 63
"D:/FER/VO/Git/github2/blazenko/source/Content/StarterContent/Architecture/Pillar_50x500.uasset" 64
"D:/FER/VO/Git/github2/blazenko/source/Content/StarterContent/Architecture/Wall_400x400.uasset" 65
"D:/FER/VO/Git/github2/blazenko/source/Content/StarterContent/Architecture/Wall_500x500.uasset" 66
"D:/FER/VO/Git/github2/blazenko/source/Content/StarterContent/Architecture/Wall_Door_400x400.uasset" 67
"D:/FER/VO/Git/github2/blazenko/source/Content/StarterContent/Architecture/Wall_Window_400x400.uasset" 68
"D:/FER/VO/Git/github2/blazenko/source/Content/StarterContent/Audio/Collapse01.uasset" 69
"D:/FER/VO/Git/github2/blazenko/source/Content/StarterContent/Audio/Collapse02.uasset" 70
"D:/FER/VO/Git/github2/blazenko/source/Content/StarterContent/Audio/Explosion01.uasset" 71
"D:/FER/VO/Git/github2/blazenko/source/Content/StarterContent/Audio/Explosion02.uasset" 72
"D:/FER/VO/Git/github2/blazenko/source/Content/StarterContent/Audio/Fire01.uasset" 73
"D:/FER/VO/Git/github2/blazenko/source/Content/StarterContent/Audio/Fire_Sparks01.uasset" 74
"D:/FER/VO/Git/github2/blazenko/source/Content/StarterContent/Audio/Light01.uasset" 75
"D:/FER/VO/Git/github2/blazenko/source/Content/StarterContent/Audio/Light01_Cue.uasset" 76
"D:/FER/VO/Git/github2/blazenko/source/Content/StarterContent/Audio/Light02.uasset" 77
"D:/FER/VO/Git/github2/blazenko/source/Content/StarterContent/Audio/Light02_Cue.uasset" 78
"D:/FER/VO/Git/github2/blazenko/source/Content/StarterContent/Audio/Smoke01.uasset" 79
"D:/FER/VO/Git/github2/blazenko/source/Content/StarterContent/Audio/Starter_Birds01.uasset" 80
"D:/FER/VO/Git/github2/blazenko/source/Content/StarterContent/Audio/Starter_Music01.uasset" 81
"D:/FER/VO/Git/github2/blazenko/source/Content/StarterContent/Audio/Starter_Wind05.uasset" 82
"D:/FER/VO/Git/github2/blazenko/source/Content/StarterContent/Audio/Starter_Wind06.uasset" 83
"D:/FER/VO/Git/github2/blazenko/source/Content/StarterContent/Audio/Steam01.uasset" 84
"D:/FER/VO/Git/github2/blazenko/source/Content/StarterContent/Audio/Explosion_Cue.uasset" 85
"D:/FER/VO/Git/github2/blazenko/source/Content/StarterContent/Textures/T_Burst_M.uasset" 86
"D:/FER/VO/Git/github2/blazenko/source/Content/StarterContent/Particles/Materials/M_Burst.uasset" 87
"D:/FER/VO/Git/github2/blazenko/source/Content/StarterContent/Textures/T_Explosion_SubUV.uasset" 88
"D:/FER/VO/Git/github2/blazenko/source/Content/StarterContent/Particles/Materials/M_explosion_subUV.uasset" 89
"D:/FER/VO/Git/github2/blazenko/source/Content/StarterContent/Particles/Materials/m_flare_01.uasset" 90
"../../../Engine/Content/Functions/Engine_MaterialFunctions01/Gradient/RadialGradient.uasset" 91
"D:/FER/VO/Git/github2/blazenko/source/Content/StarterContent/Particles/Materials/M_radial_ramp.uasset" 92
"D:/FER/VO/Git/github2/blazenko/source/Content/StarterContent/Textures/T_Smoke_SubUV.uasset" 93
"D:/FER/VO/Git/github2/blazenko/source/Content/StarterContent/Textures/T_Smoke_Tiled_D.uasset" 94
"D:/FER/VO/Git/github2/blazenko/source/Content/StarterContent/Particles/Materials/M_smoke_subUV.uasset" 95
"D:/FER/VO/Git/github2/blazenko/source/Content/StarterContent/Particles/P_Explosion.uasset" 96
"D:/FER/VO/Git/github2/blazenko/source/Content/StarterContent/Blueprints/Blueprint_Effect_Explosion.uasset" 97
"../../../Engine/Content/EditorMeshes/ColorCalibrator/T_ColorGrid.uasset" 98
"D:/FER/VO/Git/github2/blazenko/source/Content/StarterContent/Materials/M_ColorGrid_LowSpec.uasset" 99
"D:/FER/VO/Git/github2/blazenko/source/Content/StarterContent/Textures/T_Bush_D.uasset" 100
"D:/FER/VO/Git/github2/blazenko/source/Content/StarterContent/Textures/T_Bush_N.uasset" 101
"D:/FER/VO/Git/github2/blazenko/source/Content/StarterContent/Props/Materials/M_Bush.uasset" 102
"D:/FER/VO/Git/github2/blazenko/source/Content/StarterContent/Props/SM_Bush.uasset" 103
"D:/FER/VO/Git/github2/blazenko/source/Content/StarterContent/Textures/T_Chair_M.uasset" 104
"D:/FER/VO/Git/github2/blazenko/source/Content/StarterContent/Textures/T_Chair_N.uasset" 105
"D:/FER/VO/Git/github2/blazenko/source/Content/StarterContent/Props/Materials/M_Chair.uasset" 106
"D:/FER/VO/Git/github2/blazenko/source/Content/StarterContent/Props/SM_Couch.uasset" 107
"D:/FER/VO/Git/github2/blazenko/source/Content/StarterContent/Materials/M_Glass.uasset" 108
"D:/FER/VO/Git/github2/blazenko/source/Content/StarterContent/Textures/T_Door_M.uasset" 109
"D:/FER/VO/Git/github2/blazenko/source/Content/StarterContent/Textures/T_Door_N.uasset" 110
"D:/FER/VO/Git/github2/blazenko/source/Content/StarterContent/Props/Materials/M_Door.uasset" 111
"D:/FER/VO/Git/github2/blazenko/source/Content/StarterContent/Props/SM_Door.uasset" 112
"D:/FER/VO/Git/github2/blazenko/source/Content/StarterContent/Props/Materials/M_MaterialSphere.uasset" 113
"D:/FER/VO/Git/github2/blazenko/source/Content/StarterContent/Props/Materials/M_MaterialSphere_Plain.uasset" 114
"D:/FER/VO/Git/github2/blazenko/source/Content/StarterContent/Props/SM_MatPreviewMesh_02.uasset" 115
"D:/FER/VO/Git/github2/blazenko/source/Content/StarterContent/Textures/T_Detail_Rocky_N.uasset" 116
"D:/FER/VO/Git/github2/blazenko/source/Content/StarterContent/Textures/T_Rock_Basalt_D.uasset" 117
"D:/FER/VO/Git/github2/blazenko/source/Content/StarterContent/Textures/T_RockMesh_M.uasset" 118
"D:/FER/VO/Git/github2/blazenko/source/Content/StarterContent/Textures/T_RockMesh_N.uasset" 119
"D:/FER/VO/Git/github2/blazenko/source/Content/StarterContent/Props/Materials/M_Rock.uasset" 120
"D:/FER/VO/Git/github2/blazenko/source/Content/StarterContent/Props/SM_Rock.uasset" 121
"D:/FER/VO/Git/github2/blazenko/source/Content/StarterContent/Textures/T_Shelf_M.uasset" 122
"D:/FER/VO/Git/github2/blazenko/source/Content/StarterContent/Textures/T_Shelf_N.uasset" 123
"D:/FER/VO/Git/github2/blazenko/source/Content/StarterContent/Props/Materials/M_Shelf.uasset" 124
"D:/FER/VO/Git/github2/blazenko/source/Content/StarterContent/Props/SM_Shelf.uasset" 125
"D:/FER/VO/Git/github2/blazenko/source/Content/StarterContent/Materials/M_Basic_Floor.uasset" 126
"D:/FER/VO/Git/github2/blazenko/source/Content/StarterContent/Props/SM_Stairs.uasset" 127
"D:/FER/VO/Git/github2/blazenko/source/Content/StarterContent/Shapes/Shape_Cone.uasset" 128
"D:/FER/VO/Git/github2/blazenko/source/Content/StarterContent/Shapes/Shape_Cylinder.uasset" 129
"D:/FER/VO/Git/github2/blazenko/source/Content/StarterContent/Shapes/Shape_NarrowCapsule.uasset" 130
"D:/FER/VO/Git/github2/blazenko/source/Content/StarterContent/Shapes/Shape_Pipe.uasset" 131
"D:/FER/VO/Git/github2/blazenko/source/Content/StarterContent/Shapes/Shape_Pipe_180.uasset" 132
"D:/FER/VO/Git/github2/blazenko/source/Content/StarterContent/Shapes/Shape_Pipe_90.uasset" 133
"D:/FER/VO/Git/github2/blazenko/source/Content/StarterContent/Shapes/Shape_Plane.uasset" 134
"D:/FER/VO/Git/github2/blazenko/source/Content/StarterContent/Shapes/Shape_Torus.uasset" 135
"D:/FER/VO/Git/github2/blazenko/source/Content/StarterContent/Shapes/Shape_Trim_90_Out.uasset" 136
"D:/FER/VO/Git/github2/blazenko/source/Content/StarterContent/Shapes/Shape_TriPyramid.uasset" 137
"D:/FER/VO/Git/github2/blazenko/source/Content/StarterContent/Shapes/Shape_Tube.uasset" 138
"D:/FER/VO/Git/github2/blazenko/source/Content/StarterContent/Shapes/Shape_Wedge_A.uasset" 139
"D:/FER/VO/Git/github2/blazenko/source/Content/StarterContent/Shapes/Shape_Wedge_B.uasset" 140
"D:/FER/VO/Git/github2/blazenko/source/Content/StarterContent/Shapes/Shape_WideCapsule.uasset" 141
"D:/FER/VO/Git/github2/blazenko/source/Content/ThirdPersonBP/ThirdPersonOverview.uasset" 142
"D:/FER/VO/Git/github2/blazenko/source/Content/HUD/KeyPressed.uasset" 143
"D:/FER/VO/Git/github2/blazenko/source/Content/ThirdPersonBP/Models/Character/Srdela_Skeleton.uasset" 144
"D:/FER/VO/Git/github2/blazenko/source/Content/ThirdPersonBP/Models/Character/Srdela_Anim_SrdelaSkeleton_ShieldUp.uasset" 145
"D:/FER/VO/Git/github2/blazenko/source/Content/ThirdPersonBP/Models/Character/Srdela_Anim_SrdelaSkeleton_BlockPose.uasset" 146
"D:/FER/VO/Git/github2/blazenko/source/Content/ThirdPersonBP/Models/AnimBP/ShieldUpBS.uasset" 147
"D:/FER/VO/Git/github2/blazenko/source/Content/ThirdPersonBP/Models/Character/Srdela_Anim_SrdelaSkeleton_Idle.uasset" 148
"D:/FER/VO/Git/github2/blazenko/source/Content/ThirdPersonBP/Models/Character/Srdela_Anim_SrdelaSkeleton_MoveForward.uasset" 149
"D:/FER/VO/Git/github2/blazenko/source/Content/ThirdPersonBP/Models/Character/Srdela_Anim_SrdelaSkeleton_RunForward.uasset" 150
"D:/FER/VO/Git/github2/blazenko/source/Content/ThirdPersonBP/Models/AnimBP/SrdelaBS.uasset" 151
"D:/FER/VO/Git/github2/blazenko/source/Content/ThirdPersonBP/Models/AnimBP/SrdelaAnimBP.uasset" 152
"D:/FER/VO/Git/github2/blazenko/source/Content/ThirdPersonBP/Models/Character/Srdela_Anim_SrdelaSkeleton_Attack1.uasset" 153
"D:/FER/VO/Git/github2/blazenko/source/Content/Audio/Sword/sword_swing1.uasset" 154
"D:/FER/VO/Git/github2/blazenko/source/Content/AI/Cipal/Effects/SwordTrail.uasset" 155
"D:/FER/VO/Git/github2/blazenko/source/Content/ThirdPersonBP/Models/Sword/SrdelaSwordTrailSystem.uasset" 156
"D:/FER/VO/Git/github2/blazenko/source/Content/ThirdPersonBP/Models/Character/Srdela_Attack1.uasset" 157
"D:/FER/VO/Git/github2/blazenko/source/Content/ThirdPersonBP/Models/Character/Srdela_Anim_SrdelaSkeleton_Attack2.uasset" 158
"D:/FER/VO/Git/github2/blazenko/source/Content/ThirdPersonBP/Models/Character/Srdela_Attack2.uasset" 159
"D:/FER/VO/Git/github2/blazenko/source/Content/ThirdPersonBP/Models/Character/Srdela_Anim_SrdelaSkeleton_Attack3.uasset" 160
"D:/FER/VO/Git/github2/blazenko/source/Content/ThirdPersonBP/Models/Character/Srdela_Attack3.uasset" 161
"D:/FER/VO/Git/github2/blazenko/source/Content/ThirdPersonBP/Models/Character/Srdela_Anim_SrdelaSkeleton_BlockHit.uasset" 162
"D:/FER/VO/Git/github2/blazenko/source/Content/ThirdPersonBP/Models/Character/Srdela_BlockBreak.uasset" 163
"D:/FER/VO/Git/github2/blazenko/source/Content/ThirdPersonBP/Models/Character/Srdela_Anim_SrdelaSkeleton_Dash.uasset" 164
"D:/FER/VO/Git/github2/blazenko/source/Content/ThirdPersonBP/Models/Character/Srdela_Dash.uasset" 165
"D:/FER/VO/Git/github2/blazenko/source/Content/ThirdPersonBP/Models/Character/Srdela_Anim_SrdelaSkeleton_ShieldThrow.uasset" 166
"D:/FER/VO/Git/github2/blazenko/source/Content/ThirdPersonBP/Models/Character/Srdela_ThrowShield.uasset" 167
"D:/FER/VO/Git/github2/blazenko/source/Content/Audio/Footsteps/small_footstep_1.uasset" 168
"D:/FER/VO/Git/github2/blazenko/source/Content/Audio/Footsteps/small_footstep_2.uasset" 169
"D:/FER/VO/Git/github2/blazenko/source/Content/Audio/Footsteps/small_footstep_3.uasset" 170
"D:/FER/VO/Git/github2/blazenko/source/Content/Audio/Footsteps/small_footstep_5.uasset" 171
"D:/FER/VO/Git/github2/blazenko/source/Content/HUD/HealthWidget.uasset" 172
"../../../Engine/Content/EditorMaterials/TargetIcon.uasset" 173
"D:/FER/VO/Git/github2/blazenko/source/Content/HUD/TargetWidget.uasset" 174
"D:/FER/VO/Git/github2/blazenko/source/Content/AI/AI.uasset" 175
"D:/FER/VO/Git/github2/blazenko/source/Content/AI/Cipal/Character/Cipal_Anim_CipalSkeleton_ShieldUp.uasset" 176
"D:/FER/VO/Git/github2/blazenko/source/Content/AI/Cipal/Character/Cipal_Anim_CipalSkeleton_Idle.uasset" 177
"D:/FER/VO/Git/github2/blazenko/source/Content/AI/Cipal/Character/Cipal_Anim_CipalSkeleton_MoveForward.uasset" 178
"D:/FER/VO/Git/github2/blazenko/source/Content/AI/Cipal/Character/Cipal_Anim_CipalSkeleton_RunForward.uasset" 179
"D:/FER/VO/Git/github2/blazenko/source/Content/AI/Cipal/Character/Anim/CipalBS.uasset" 180
"D:/FER/VO/Git/github2/blazenko/source/Content/AI/Cipal/Character/Cipal_Anim_CipalSkeleton_BlockPose.uasset" 181
"D:/FER/VO/Git/github2/blazenko/source/Content/AI/Cipal/Character/Anim/CipalShieldBS.uasset" 182
"D:/FER/VO/Git/github2/blazenko/source/Content/AI/Cipal/Character/Anim/CipalAnimBP.uasset" 183
"D:/FER/VO/Git/github2/blazenko/source/Content/AI/Cipal/Character/Cipal_Anim_CipalSkeleton_BlockBreak.uasset" 184
"D:/FER/VO/Git/github2/blazenko/source/Content/AI/Cipal/Character/Cipal_BlockBreak.uasset" 185
"D:/FER/VO/Git/github2/blazenko/source/Content/AI/Cipal/Character/Cipal_Anim_CipalSkeleton_BlockHit.uasset" 186
"D:/FER/VO/Git/github2/blazenko/source/Content/AI/Cipal/Character/Cipal_BlockHit.uasset" 187
"D:/FER/VO/Git/github2/blazenko/source/Content/AI/Cipal/CipalBB.uasset" 188
"D:/FER/VO/Git/github2/blazenko/source/Content/AI/Cipal/Character/Cipal_Anim_CipalSkeleton_Attack1.uasset" 189
"D:/FER/VO/Git/github2/blazenko/source/Content/AI/Cipal/Effects/CipalSwordTrailSystem.uasset" 190
"D:/FER/VO/Git/github2/blazenko/source/Content/AI/Cipal/Character/Cipal_Attack1.uasset" 191
"D:/FER/VO/Git/github2/blazenko/source/Content/AI/Cipal/Cipal_Attack1.uasset" 192
"D:/FER/VO/Git/github2/blazenko/source/Content/AI/Cipal/Character/Cipal_Anim_CipalSkeleton__Attack2.uasset" 193
"D:/FER/VO/Git/github2/blazenko/source/Content/AI/Cipal/Character/Cipal_Attack2.uasset" 194
"D:/FER/VO/Git/github2/blazenko/source/Content/AI/Cipal/Cipal_Attack2.uasset" 195
"D:/FER/VO/Git/github2/blazenko/source/Content/AI/CustomMove.uasset" 196
"D:/FER/VO/Git/github2/blazenko/source/Content/AI/Gof/Models/Character/Gof_Anim_Armature_Idle.uasset" 197
"D:/FER/VO/Git/github2/blazenko/source/Content/Audio/Footsteps/loud_footstep_2.uasset" 198
"D:/FER/VO/Git/github2/blazenko/source/Content/Audio/Footsteps/loud_footstep_3.uasset" 199
"D:/FER/VO/Git/github2/blazenko/source/Content/AI/Gof/Models/Character/Gof_Anim_Armature_MoveFwd.uasset" 200
"D:/FER/VO/Git/github2/blazenko/source/Content/AI/Gof/Models/Character/Anim/GofBS.uasset" 201
"D:/FER/VO/Git/github2/blazenko/source/Content/AI/Gof/Models/Character/Anim/GofAnimBP.uasset" 202
"D:/FER/VO/Git/github2/blazenko/source/Content/Audio/Gof/GofHammerScrape.uasset" 203
"D:/FER/VO/Git/github2/blazenko/source/Content/Audio/Gof/GofHammerSlam.uasset" 204
"D:/FER/VO/Git/github2/blazenko/source/Content/Audio/Gof/GofSwoosh.uasset" 205
"D:/FER/VO/Git/github2/blazenko/source/Content/AI/Gof/Models/Character/Gof_Anim_Armature_Attack.uasset" 206
"D:/FER/VO/Git/github2/blazenko/source/Content/AI/Gof/Models/Character/Gof_Attack.uasset" 207
"D:/FER/VO/Git/github2/blazenko/source/Content/AI/Gof/GofAttack.uasset" 208
"D:/FER/VO/Git/github2/blazenko/source/Content/AI/IsPlayerDead.uasset" 209
"D:/FER/VO/Git/github2/blazenko/source/Content/AI/Gof/GofBT.uasset" 210
"D:/FER/VO/Git/github2/blazenko/source/Content/AI/Gof/GofController.uasset" 211
"D:/FER/VO/Git/github2/blazenko/source/Content/AI/Cipal/Shield/Material_001.uasset" 212
"D:/FER/VO/Git/github2/blazenko/source/Content/AI/Gof/Models/Hammer/Material_001.uasset" 213
"D:/FER/VO/Git/github2/blazenko/source/Content/AI/Gof/Models/Hammer/GofHammer_PhysicsAsset.uasset" 214
"D:/FER/VO/Git/github2/blazenko/source/Content/AI/Gof/Models/Hammer/GofHammer.uasset" 215
"D:/FER/VO/Git/github2/blazenko/source/Content/AI/Gof/Models/Hammer/HammerBP.uasset" 216
"D:/FER/VO/Git/github2/blazenko/source/Content/ThirdPersonBP/Models/Sword/SwordBlade.uasset" 217
"D:/FER/VO/Git/github2/blazenko/source/Content/ThirdPersonBP/Models/Sword/SwotdHandle.uasset" 218
"D:/FER/VO/Git/github2/blazenko/source/Content/ThirdPersonBP/Models/Sword/SrdelaSword.uasset" 219
"D:/FER/VO/Git/github2/blazenko/source/Content/ThirdPersonBP/Models/Sword/SrdelaSwordBP.uasset" 220
"D:/FER/VO/Git/github2/blazenko/source/Content/AI/Gof/Models/Character/Material_001.uasset" 221
"D:/FER/VO/Git/github2/blazenko/source/Content/AI/Gof/Models/Character/Gof.uasset" 222
"D:/FER/VO/Git/github2/blazenko/source/Content/Audio/Footsteps/footstep_dirt_1.uasset" 223
"D:/FER/VO/Git/github2/blazenko/source/Content/Audio/Footsteps/footstep_dirt_2.uasset" 224
"D:/FER/VO/Git/github2/blazenko/source/Content/AI/Gof/GofBP.uasset" 225
"D:/FER/VO/Git/github2/blazenko/source/Content/AI/IsInAttackRadius.uasset" 226
"D:/FER/VO/Git/github2/blazenko/source/Content/AI/ShieldUp.uasset" 227
"D:/FER/VO/Git/github2/blazenko/source/Content/AI/Cipal/CipalBT.uasset" 228
"D:/FER/VO/Git/github2/blazenko/source/Content/AI/Cipal/CipalController.uasset" 229
"D:/FER/VO/Git/github2/blazenko/source/Content/AI/Cipal/Shield/Material_002.uasset" 230
"D:/FER/VO/Git/github2/blazenko/source/Content/AI/Cipal/Shield/EnemyShield.uasset" 231
"D:/FER/VO/Git/github2/blazenko/source/Content/AI/Cipal/Shield/EnemyShieldBP.uasset" 232
"D:/FER/VO/Git/github2/blazenko/source/Content/AI/Cipal/Character/Bod.uasset" 233
"D:/FER/VO/Git/github2/blazenko/source/Content/AI/Cipal/Character/Eyes.uasset" 234
"D:/FER/VO/Git/github2/blazenko/source/Content/AI/Cipal/Character/Cipal_PhysicsAsset.uasset" 235
"D:/FER/VO/Git/github2/blazenko/source/Content/AI/Cipal/Character/Cipal.uasset" 236
"D:/FER/VO/Git/github2/blazenko/source/Content/Audio/Shield/SwordOnShieldHit.uasset" 237
"D:/FER/VO/Git/github2/blazenko/source/Content/AI/Cipal/CipalBP.uasset" 238
"D:/FER/VO/Git/github2/blazenko/source/Content/AI/Tuna/Character/Tuna_Anim_SrdelaSkeleton_Idle.uasset" 239
"D:/FER/VO/Git/github2/blazenko/source/Content/AI/Tuna/Character/Tuna_Anim_SrdelaSkeleton_MoveForward.uasset" 240
"D:/FER/VO/Git/github2/blazenko/source/Content/AI/Tuna/Character/Tuna_Anim_SrdelaSkeleton_RunForward.uasset" 241
"D:/FER/VO/Git/github2/blazenko/source/Content/AI/Tuna/Character/Anim/TunaBS.uasset" 242
"D:/FER/VO/Git/github2/blazenko/source/Content/AI/Tuna/Character/Anim/TunaAnimBP.uasset" 243
"D:/FER/VO/Git/github2/blazenko/source/Content/AI/Tuna/Character/Tuna_Anim_SrdelaSkeleton_BlockBreak.uasset" 244
"D:/FER/VO/Git/github2/blazenko/source/Content/AI/Tuna/Character/Tuna_BlockBreak.uasset" 245
"D:/FER/VO/Git/github2/blazenko/source/Content/AI/Tuna/Character/Tuna_Anim_SrdelaSkeleton_Attack1.uasset" 246
"D:/FER/VO/Git/github2/blazenko/source/Content/AI/Tuna/Effects/TunaSwordTrailSystem.uasset" 247
"D:/FER/VO/Git/github2/blazenko/source/Content/AI/Tuna/Character/Tuna_Attack1.uasset" 248
"D:/FER/VO/Git/github2/blazenko/source/Content/AI/Tuna/Tuna_Attack1.uasset" 249
"D:/FER/VO/Git/github2/blazenko/source/Content/AI/Tuna/Character/Tuna_Anim_SrdelaSkeleton_Attack2.uasset" 250
"D:/FER/VO/Git/github2/blazenko/source/Content/AI/Tuna/Character/Tuna_Attack2.uasset" 251
"D:/FER/VO/Git/github2/blazenko/source/Content/AI/Tuna/Tuna_Attack2.uasset" 252
"D:/FER/VO/Git/github2/blazenko/source/Content/AI/Tuna/Character/Tuna_Anim_SrdelaSkeleton_Attack3.uasset" 253
"D:/FER/VO/Git/github2/blazenko/source/Content/AI/Tuna/Character/Tuna_Attack3.uasset" 254
"D:/FER/VO/Git/github2/blazenko/source/Content/AI/Tuna/Tuna_Attack3.uasset" 255
"D:/FER/VO/Git/github2/blazenko/source/Content/AI/Tuna/TunaBT.uasset" 256
"D:/FER/VO/Git/github2/blazenko/source/Content/AI/Tuna/TunaController.uasset" 257
"D:/FER/VO/Git/github2/blazenko/source/Content/AI/Tuna/Character/Bod.uasset" 258
"D:/FER/VO/Git/github2/blazenko/source/Content/AI/Tuna/Character/Eyes.uasset" 259
"D:/FER/VO/Git/github2/blazenko/source/Content/AI/Tuna/Character/Tuna_PhysicsAsset.uasset" 260
"D:/FER/VO/Git/github2/blazenko/source/Content/AI/Tuna/Character/Tuna.uasset" 261
"D:/FER/VO/Git/github2/blazenko/source/Content/AI/Tuna/TunaBP.uasset" 262
"D:/FER/VO/Git/github2/blazenko/source/Content/MapModels/Bell/DemoBell_Skeleton.uasset" 263
"D:/FER/VO/Git/github2/blazenko/source/Content/MapModels/Bell/DemoBell_Anim_DemoBellBone_BellDING.uasset" 264
"D:/FER/VO/Git/github2/blazenko/source/Content/MapModels/Bell/DemoBell_Anim_DemoBellBone_BellSilence.uasset" 265
"D:/FER/VO/Git/github2/blazenko/source/Content/MapModels/Bell/Blastwave_FX_BoxingBellRing_S08SP_136.uasset" 266
"D:/FER/VO/Git/github2/blazenko/source/Content/MapModels/Bell/Material.uasset" 267
"D:/FER/VO/Git/github2/blazenko/source/Content/MapModels/Bell/DemoBell_PhysicsAsset.uasset" 268
"D:/FER/VO/Git/github2/blazenko/source/Content/MapModels/Bell/DemoBell.uasset" 269
"D:/FER/VO/Git/github2/blazenko/source/Content/MapModels/Bell/DemoBellBP.uasset" 270
"D:/FER/VO/Git/github2/blazenko/source/Content/ThirdPersonBP/Models/Shield/Material_001.uasset" 271
"D:/FER/VO/Git/github2/blazenko/source/Content/ThirdPersonBP/Models/Shield/Material_002.uasset" 272
"D:/FER/VO/Git/github2/blazenko/source/Content/ThirdPersonBP/Models/Shield/SrdelaShield.uasset" 273
"D:/FER/VO/Git/github2/blazenko/source/Content/ThirdPersonBP/Models/Shield/ShieldBP.uasset" 274
"D:/FER/VO/Git/github2/blazenko/source/Content/ThirdPersonBP/SrdelaCameraSHake.uasset" 275
"D:/FER/VO/Git/github2/blazenko/source/Content/Audio/Footsteps/footstep_dirt_4.uasset" 276
"D:/FER/VO/Git/github2/blazenko/source/Content/Audio/Footsteps/footstep_dirt_5.uasset" 277
"D:/FER/VO/Git/github2/blazenko/source/Content/Audio/Footsteps/footstep_dirt_6.uasset" 278
"D:/FER/VO/Git/github2/blazenko/source/Content/ThirdPersonBP/Models/Character/Bowtie.uasset" 279
"D:/FER/VO/Git/github2/blazenko/source/Content/ThirdPersonBP/Models/Character/GlassesGlass.uasset" 280
"D:/FER/VO/Git/github2/blazenko/source/Content/ThirdPersonBP/Models/Character/GlassesRim.uasset" 281
"D:/FER/VO/Git/github2/blazenko/source/Content/ThirdPersonBP/Models/Character/SrdelaBod1.uasset" 282
"D:/FER/VO/Git/github2/blazenko/source/Content/ThirdPersonBP/Models/Character/SrdelaBod2.uasset" 283
"D:/FER/VO/Git/github2/blazenko/source/Content/ThirdPersonBP/Models/Character/Srdela_PhysicsAsset.uasset" 284
"D:/FER/VO/Git/github2/blazenko/source/Content/ThirdPersonBP/Models/Character/Srdela.uasset" 285
"D:/FER/VO/Git/github2/blazenko/source/Content/ThirdPersonBP/Blueprints/ThirdPersonCharacter.uasset" 286
"D:/FER/VO/Git/github2/blazenko/source/Content/HUD/Textures/background.uasset" 287
"D:/FER/VO/Git/github2/blazenko/source/Content/HUD/Textures/restart.uasset" 288
"D:/FER/VO/Git/github2/blazenko/source/Content/HUD/Textures/restartHover.uasset" 289
"D:/FER/VO/Git/github2/blazenko/source/Content/HUD/DeathWidget.uasset" 290
"D:/FER/VO/Git/github2/blazenko/source/Content/HUD/Textures/Quit.uasset" 291
"D:/FER/VO/Git/github2/blazenko/source/Content/HUD/Textures/QuitPressed.uasset" 292
"D:/FER/VO/Git/github2/blazenko/source/Content/HUD/MainMenuWidget.uasset" 293
"D:/FER/VO/Git/github2/blazenko/source/Content/HUD/Textures/play.uasset" 294
"D:/FER/VO/Git/github2/blazenko/source/Content/HUD/Textures/playHovered.uasset" 295
"D:/FER/VO/Git/github2/blazenko/source/Content/HUD/Textures/tip.uasset" 296
"D:/FER/VO/Git/github2/blazenko/source/Content/HUD/TipWidget.uasset" 297
"D:/FER/VO/Git/github2/blazenko/source/Content/HUD/HealthBar/bottom.uasset" 298
"D:/FER/VO/Git/github2/blazenko/source/Content/HUD/HealthBar/top.uasset" 299
"D:/FER/VO/Git/github2/blazenko/source/Content/HUD/PlayerWidget.uasset" 300
"D:/FER/VO/Git/github2/blazenko/source/Content/HUD/MyHUD.uasset" 301
"D:/FER/VO/Git/github2/blazenko/source/Content/ThirdPersonBP/Blueprints/ThirdPersonGameMode.uasset" 302
"D:/FER/VO/Git/github2/blazenko/source/Content/ThirdPersonBP/Models/Character/Srdela_Anim_Attack1.uasset" 303
"D:/FER/VO/Git/github2/blazenko/source/Content/ThirdPersonBP/Models/Character/Srdela_Anim_SrdelaSkeleton_1TPose.uasset" 304
"D:/FER/VO/Git/github2/blazenko/source/Content/ThirdPersonBP/Models/Character/Srdela_Anim_SrdelaSkeleton_BlockBreak.uasset" 305
"D:/FER/VO/Git/github2/blazenko/source/Content/ThirdPersonBP/Models/Character/Srdela_Anim_SrdelaSkeleton_Charge.uasset" 306
"D:/FER/VO/Git/github2/blazenko/source/Content/ThirdPersonBP/Models/Character/Srdela_Anim_SrdelaSkeleton_MoveBackwards.uasset" 307
"D:/FER/VO/Git/github2/blazenko/source/Content/ThirdPersonBP/Models/Character/Srdela_Anim_SrdelaSkeleton_MoveRight.uasset" 308
"../../../Engine/Content/Animation/DefaultAnimCurveCompressionSettings.uasset" 309
"../../../Engine/Content/Functions/Engine_MaterialFunctions01/Opacity/CameraDepthFade.uasset" 310
"../../../Engine/Content/EngineMaterials/T_Default_Material_Grid_M.uasset" 311
"../../../Engine/Content/EngineMaterials/T_Default_Material_Grid_N.uasset" 312
"../../../Engine/Content/EngineMaterials/WorldGridMaterial.uasset" 313
"../../../Engine/Content/ArtTools/RenderToTexture/Meshes/S_1_Unit_Plane.uasset" 314
"../../../Engine/Content/EngineMaterials/DefaultMaterial.uasset" 315
"../../../Engine/Content/BasicShapes/Cone.uasset" 316
"../../../Engine/Content/BasicShapes/Cube.uasset" 317
"../../../Engine/Content/BasicShapes/Cylinder.uasset" 318
"../../../Engine/Content/BasicShapes/Plane.uasset" 319
"../../../Engine/Content/BasicShapes/Sphere.uasset" 320
"../../../Engine/Content/EditorLandscapeResources/DataLayer.uasset" 321
"../../../Engine/Content/EditorMaterials/GizmoMaterial.uasset" 322
"../../../Engine/Content/EditorMaterials/MAT_Groups_Toggle.uasset" 323
"../../../Engine/Content/EditorMaterials/MAT_Groups_Visibility.uasset" 324
"../../../Engine/Content/EditorMaterials/PreviewShadowIndicator.uasset" 325
"../../../Engine/Content/EditorMaterials/PreviewShadowIndicatorMaterial.uasset" 326
"../../../Engine/Content/EditorMaterials/MatineeGroups/MAT_ColorTrack.uasset" 327
"../../../Engine/Content/EditorMaterials/MatineeGroups/MAT_Groups_Anim.uasset" 328
"../../../Engine/Content/EditorMaterials/MatineeGroups/MAT_Groups_AudioMaster.uasset" 329
"../../../Engine/Content/EditorMaterials/MatineeGroups/MAT_Groups_Director.uasset" 330
"../../../Engine/Content/EditorMaterials/MatineeGroups/MAT_Groups_Event.uasset" 331
"../../../Engine/Content/EditorMaterials/MatineeGroups/MAT_Groups_Fade.uasset" 332
"../../../Engine/Content/EditorMaterials/MatineeGroups/MAT_Groups_Float.uasset" 333
"../../../Engine/Content/EditorMaterials/MatineeGroups/MAT_Groups_Move.uasset" 334
"../../../Engine/Content/EditorMaterials/MatineeGroups/MAT_Groups_Slomo.uasset" 335
"../../../Engine/Content/EditorMaterials/MatineeGroups/MAT_Groups_Sound.uasset" 336
"../../../Engine/Content/EditorMaterials/MatineeGroups/MAT_Groups_Vector.uasset" 337
"../../../Engine/Content/EditorMaterials/ParticleSystems/PSysThumbnail_NoImage.uasset" 338
"../../../Engine/Content/EditorMaterials/ParticleSystems/PSysThumbnail_OOD.uasset" 339
"../../../Engine/Content/EditorMaterials/Camera/CineMat.uasset" 340
"../../../Engine/Content/EditorMaterials/Camera/MI_CineMat_Rig.uasset" 341
"../../../Engine/Content/EditorMeshes/Camera/SM_CraneRig_Arm.uasset" 342
"../../../Engine/Content/EditorMeshes/Camera/SM_CraneRig_Base.uasset" 343
"../../../Engine/Content/EditorMeshes/Camera/SM_CraneRig_Body.uasset" 344
"../../../Engine/Content/EditorMeshes/Camera/SM_CraneRig_Mount.uasset" 345
"../../../Engine/Content/EditorMeshes/Camera/SM_RailRig_Mount.uasset" 346
"../../../Engine/Content/EditorMeshes/Camera/SM_RailRig_Track.uasset" 347
"../../../Engine/Content/EditorResources/BSPVertex.uasset" 348
"../../../Engine/Content/EditorResources/EmptyActor.uasset" 349
"../../../Engine/Content/EditorResources/S_Actor.uasset" 350
"../../../Engine/Content/EditorResources/S_Note.uasset" 351
"../../../Engine/Content/EditorResources/S_Trigger.uasset" 352
"../../../Engine/Content/EditorResources/AudioIcons/S_AudioComponent.uasset" 353
"../../../Engine/Content/EditorResources/AudioIcons/S_AudioComponent_AutoActivate.uasset" 354
"../../../Engine/Content/EditorResources/LightIcons/S_LightError.uasset" 355
"../../../Engine/Content/EditorResources/SequenceRecorder/Countdown.uasset" 356
"../../../Engine/Content/EditorResources/SequenceRecorder/RecordingIndicator.uasset" 357
"../../../Engine/Content/EditorSounds/Notifications/CompileFailed.uasset" 358
"../../../Engine/Content/EditorSounds/Notifications/CompileFailed_Cue.uasset" 359
"../../../Engine/Content/EditorSounds/Notifications/CompileSuccess.uasset" 360
"../../../Engine/Content/EditorSounds/Notifications/CompileStart_Cue.uasset" 361
"../../../Engine/Content/EditorSounds/Notifications/CompileSuccess_Cue.uasset" 362
"../../../Engine/Content/EngineDamageTypes/DmgTypeBP_Environmental.uasset" 363
"../../../Engine/Content/EngineDebugMaterials/HeatmapGradient.uasset" 364
"../../../Engine/Content/EngineDebugMaterials/BoneWeightMaterial.uasset" 365
"../../../Engine/Content/EngineDebugMaterials/ClothMaterial.uasset" 366
"../../../Engine/Content/EngineDebugMaterials/ClothMaterial_WF.uasset" 367
"../../../Engine/Content/EngineDebugMaterials/DebugEditorMaterial.uasset" 368
"../../../Engine/Content/EngineDebugMaterials/DebugMeshMaterial.uasset" 369
"../../../Engine/Content/EngineDebugMaterials/GeomMaterial.uasset" 370
"../../../Engine/Content/EngineDebugMaterials/M_SimpleTranslucent.uasset" 371
"../../../Engine/Content/EngineFonts/Faces/RobotoBold.uasset" 372
"../../../Engine/Content/EngineFonts/Faces/RobotoBoldItalic.uasset" 373
"../../../Engine/Content/EngineFonts/Faces/RobotoItalic.uasset" 374
"../../../Engine/Content/EngineFonts/Faces/RobotoLight.uasset" 375
"../../../Engine/Content/EngineFonts/Faces/RobotoRegular.uasset" 376
"../../../Engine/Content/EngineFonts/Roboto.uasset" 377
"../../../Engine/Content/EngineFonts/Faces/RobotoTiny.uasset" 378
"../../../Engine/Content/EngineFonts/RobotoTiny.uasset" 379
"../../../Engine/Content/EngineMaterials/BaseFlattenDiffuseMap.uasset" 380
"../../../Engine/Content/EngineMaterials/BaseFlattenEmissiveMap.uasset" 381
"../../../Engine/Content/EngineMaterials/BaseFlattenGrayscaleMap.uasset" 382
"../../../Engine/Content/EngineMaterials/BaseFlattenNormalMap.uasset" 383
"../../../Engine/Content/EngineMaterials/BaseFlattenMaterial.uasset" 384
"../../../Engine/Content/EngineMaterials/DefaultBloomKernel.uasset" 385
"../../../Engine/Content/EngineMaterials/DefaultBokeh.uasset" 386
"../../../Engine/Content/EngineMaterials/DefaultDiffuse.uasset" 387
"../../../Engine/Content/EngineMaterials/DefaultDeferredDecalMaterial.uasset" 388
"../../../Engine/Content/EngineMaterials/DefaultLightFunctionMaterial.uasset" 389
"../../../Engine/Content/EngineMaterials/DefaultPhysicalMaterial.uasset" 390
"../../../Engine/Content/Functions/Engine_MaterialFunctions02/Utility/BreakOutFloat2Components.uasset" 391
"../../../Engine/Content/EngineMaterials/DefaultPostProcessMaterial.uasset" 392
"../../../Engine/Content/EngineFonts/RobotoDistanceField.uasset" 393
"../../../Engine/Content/EngineMaterials/DefaultTextMaterialOpaque.uasset" 394
"../../../Engine/Content/EngineMaterials/DefaultWhiteGrid.uasset" 395
"../../../Engine/Content/EngineMaterials/EditorBrushMaterial.uasset" 396
"../../../Engine/Content/EngineMaterials/Good64x64TilingNoiseHighFreq.uasset" 397
"../../../Engine/Content/EngineMaterials/MiniFont.uasset" 398
"../../../Engine/Content/EngineMaterials/InvalidLightmapSettings.uasset" 399
"../../../Engine/Content/EngineMaterials/M_InvalidLightmapSettings.uasset" 400
"../../../Engine/Content/Functions/Engine_MaterialFunctions02/WorldPositionOffset/CameraOffset.uasset" 401
"../../../Engine/Content/EngineMaterials/PhAT_JointLimitMaterial.uasset" 402
"../../../Engine/Content/EngineMaterials/PreintegratedSkinBRDF.uasset" 403
"../../../Engine/Content/EngineMaterials/RemoveSurfaceMaterial.uasset" 404
"../../../Engine/Content/EngineMaterials/WeightMapPlaceholderTexture.uasset" 405
"../../../Engine/Content/EngineResources/WhiteSquareTexture.uasset" 406
"../../../Engine/Content/EngineMaterials/Widget3DPassThrough.uasset" 407
"../../../Engine/Content/EngineMaterials/Widget3DPassThrough_Masked.uasset" 408
"../../../Engine/Content/EngineMaterials/Widget3DPassThrough_Opaque.uasset" 409
"../../../Engine/Content/EngineMaterials/Widget3DPassThrough_Masked_OneSided.uasset" 410
"../../../Engine/Content/EngineMaterials/Widget3DPassThrough_Opaque_OneSided.uasset" 411
"../../../Engine/Content/EngineMaterials/Widget3DPassThrough_Translucent.uasset" 412
"../../../Engine/Content/EngineMaterials/Widget3DPassThrough_Translucent_OneSided.uasset" 413
"../../../Engine/Content/EngineMeshes/Cylinder.uasset" 414
"../../../Engine/Content/EngineMeshes/Sphere.uasset" 415
"../../../Engine/Content/EngineResources/Black.uasset" 416
"../../../Engine/Content/EngineResources/DefaultTexture.uasset" 417
"../../../Engine/Content/EngineResources/DefaultTextureCube.uasset" 418
"../../../Engine/Content/EngineResources/DefaultVolumeTexture2D.uasset" 419
"../../../Engine/Content/EngineResources/DefaultVolumeTexture.uasset" 420
"../../../Engine/Content/EngineResources/GradientTexture0.uasset" 421
"../../../Engine/Content/EngineSounds/Master.uasset" 422
"../../../Engine/Content/Functions/Engine_MaterialFunctions01/Shading/ConvertFromDiffSpec.uasset" 423
"../../../Engine/Content/Functions/Engine_MaterialFunctions01/Shading/PowerToRoughness.uasset" 424
"../../../Engine/Content/Maps/Templates/Thumbnails/Default.uasset" 425
"../../../Engine/Content/Maps/Templates/Thumbnails/VR-Basic.uasset" 426
"../../../Engine/Content/MobileResources/T_MobileControls_texture.uasset" 427
"../../../Engine/Content/MobileResources/T_MobileMenu2.uasset" 428
"../../../Engine/Content/MobileResources/HUD/AnalogHat.uasset" 429
"../../../Engine/Content/MobileResources/HUD/VirtualJoystick_Background.uasset" 430
"../../../Engine/Content/MobileResources/HUD/VirtualJoystick_Thumb.uasset" 431
"../../../Engine/Content/MobileResources/HUD/DefaultVirtualJoysticks.uasset" 432
"../../../Engine/Content/MobileResources/HUD/LeftVirtualJoystickOnly.uasset" 433
"../../../Engine/Content/MobileResources/HUD/MobileHUDButton1_off.uasset" 434
"../../../Engine/Content/MobileResources/HUD/MobileHUDButton1_on.uasset" 435
"../../../Engine/Content/MobileResources/HUD/MobileHUDButton2_off.uasset" 436
"../../../Engine/Content/MobileResources/HUD/MobileHUDButton2_on.uasset" 437
"../../../Engine/Content/MobileResources/HUD/MobileHUDButton3.uasset" 438
"../../../Engine/Content/MobileResources/HUD/MobileHUDButtonFire.uasset" 439
"../../../Engine/Content/MobileResources/HUD/MobileHUDDirectionPad.uasset" 440
"../../../Engine/Content/MobileResources/HUD/MobileHUDDirectionPad2.uasset" 441
"../../../Engine/Content/MobileResources/HUD/MobileHUDDirectionPad3.uasset" 442
"../../../Engine/Content/MobileResources/HUD/MobileHUDDirectionStick.uasset" 443
"../../../Engine/Content/MobileResources/HUD/T_Castle_ThumbstickInner.uasset" 444
"../../../Engine/Content/MobileResources/HUD/T_Castle_ThumbstickOutter.uasset" 445
"../../../Engine/Content/Tutorial/ContentIntroCurve.uasset" 446
"../../../Engine/Content/Tutorial/Basics/LevelEditorAttract.uasset" 447
"../../../Engine/Content/Tutorial/Basics/TutorialAssets/icon_tab_Levels_40x.uasset" 448
"../../../Engine/Content/Tutorial/Basics/LevelEditorOverview.uasset" 449
"../../../Engine/Content/Tutorial/BlueprintTutorials/TutorialAssets/Blueprint_64x.uasset" 450
"../../../Engine/Content/Tutorial/BlueprintTutorials/BlueprintEditorTutorial.uasset" 451
"../../../Engine/Content/Tutorial/Mobile/TutorialAssets/android_Icon.uasset" 452
"../../../Engine/Content/Tutorial/Mobile/SettingUpAndroidTutorial.uasset" 453
"../../../Engine/Content/VREditor/LaserPointer/VR_LaserPower_01.uasset" 454
"../../../Engine/Content/VREditor/TransformGizmo/TransformGizmoMaterial.uasset" 455
"../../../Engine/Content/VREditor/TransformGizmo/TranslucentTransformGizmoMaterial.uasset" 456
"../../../Engine/Content/VREditor/TransformGizmo/BoundingBoxCorner.uasset" 457
"../../../Engine/Content/VREditor/TransformGizmo/BoundingBoxEdge.uasset" 458
"../../../Engine/Content/VREditor/TransformGizmo/PlaneTranslationHandle.uasset" 459
"../../../Engine/Content/VREditor/TransformGizmo/Main.uasset" 460
"../../../Engine/Content/VREditor/TransformGizmo/Xray.uasset" 461
"../../../Engine/Content/VREditor/TransformGizmo/SM_Sequencer_Key.uasset" 462
"../../../Engine/Content/VREditor/TransformGizmo/SM_Sequencer_Node.uasset" 463
"../../Plugins/2D/Paper2D/Content/PlaceholderTextures/DummySpriteTexture.uasset" 464
"../../Plugins/2D/Paper2D/Content/DummySprite.uasset" 465
"../../Plugins/2D/Paper2D/Content/DefaultPaperTerrainMaterial.uasset" 466
"../../Plugins/2D/Paper2D/Content/DummySpriteTexture.uasset" 467
"../../Plugins/2D/Paper2D/Content/DefaultSpriteMaterial.uasset" 468
"../../Plugins/2D/Paper2D/Content/MaskedUnlitSpriteMaterial.uasset" 469
"../../Plugins/2D/Paper2D/Content/OpaqueUnlitSpriteMaterial.uasset" 470
"../../Plugins/Runtime/Oculus/OculusVR/Content/OculusMR_RenderTarget.uasset" 471
"../../../Engine/Content/Functions/Engine_MaterialFunctions02/Utility/BreakOutFloat4Components.uasset" 472
"../../../Engine/Content/Functions/Engine_MaterialFunctions02/Utility/MakeFloat2.uasset" 473
"../../../Engine/Content/Functions/Engine_MaterialFunctions02/Utility/MakeFloat3.uasset" 474
"../../Plugins/Runtime/Oculus/OculusVR/Content/Materials/OculusMR_ChromaKey.uasset" 475
"../../Plugins/Runtime/Oculus/OculusVR/Content/Materials/OculusMR_ChromaKey_Lit.uasset" 476
"../../Plugins/Runtime/Oculus/OculusVR/Content/Materials/OculusMR_OpaqueColoredMaterial.uasset" 477
"../../Plugins/Runtime/Oculus/OculusVR/Content/Materials/OculusMR_WhiteMaterial.uasset" 478
"../../Plugins/Runtime/Oculus/OculusVR/Content/Materials/PokeAHoleMaterial.uasset" 479
"../../Plugins/Runtime/Oculus/OculusVR/Content/Textures/GearVRController_AO.uasset" 480
"../../Plugins/Runtime/Oculus/OculusVR/Content/Textures/GearVRController_Color.uasset" 481
"../../Plugins/Runtime/Oculus/OculusVR/Content/Textures/GearVRController_Normal.uasset" 482
"../../Plugins/Runtime/Oculus/OculusVR/Content/Materials/GearVRControllerMaterial.uasset" 483
"../../Plugins/Runtime/Oculus/OculusVR/Content/Meshes/GearVrController.uasset" 484
"../../Plugins/Runtime/Oculus/OculusVR/Content/Textures/touchController_albedo.uasset" 485
"../../Plugins/Runtime/Oculus/OculusVR/Content/Textures/touchController_controlmap.uasset" 486
"../../Plugins/Runtime/Oculus/OculusVR/Content/Materials/touchController_mat.uasset" 487
"../../Plugins/Runtime/Oculus/OculusVR/Content/Meshes/LeftTouchController.uasset" 488
"../../Plugins/Runtime/Oculus/OculusVR/Content/Meshes/RiftHMD.uasset" 489
"../../Plugins/Runtime/Oculus/OculusVR/Content/Meshes/RightTouchController.uasset" 490
"D:/FER/VO/Git/github2/blazenko/source/Content/StarterContent/Blueprints/Assets/FogBrightnessLUT.uasset" 491
"D:/FER/VO/Git/github2/blazenko/source/Content/StarterContent/Blueprints/Assets/SunlightColorLUT.uasset" 492
"D:/FER/VO/Git/github2/blazenko/source/Content/StarterContent/Blueprints/Assets/M_LightStage_Arrows.uasset" 493
"../../../Engine/Content/MapTemplates/Sky/DaylightAmbientCubemap.uasset" 494
"D:/FER/VO/Git/github2/blazenko/source/Content/StarterContent/Blueprints/Assets/M_LightStage_Skybox_Master.uasset" 495
"D:/FER/VO/Git/github2/blazenko/source/Content/StarterContent/Blueprints/Assets/M_LightStage_Skybox_Black.uasset" 496
"D:/FER/VO/Git/github2/blazenko/source/Content/StarterContent/Blueprints/Assets/M_LightStage_Skybox_HDRI.uasset" 497
"../../../Engine/Content/EditorMaterials/Thumbnails/SkySphereMaterial.uasset" 498
"D:/FER/VO/Git/github2/blazenko/source/Content/StarterContent/Blueprints/Assets/Skybox.uasset" 499
"D:/FER/VO/Git/github2/blazenko/source/Content/StarterContent/Blueprints/Assets/SM_Arrows.uasset" 500
"D:/FER/VO/Git/github2/blazenko/source/Content/StarterContent/HDRI/HDRI_Epic_Courtyard_Daylight.uasset" 501
"D:/FER/VO/Git/github2/blazenko/source/Content/StarterContent/Blueprints/BP_LightStudio.uasset" 502
"D:/FER/VO/Git/github2/blazenko/source/Content/StarterContent/Maps/Advanced_Lighting_BuiltData.uasset" 503
"D:/FER/VO/Git/github2/blazenko/source/Content/StarterContent/Materials/M_AssetPlatform.uasset" 504
"../../../Engine/Content/EditorMeshes/ColorCalibrator/M_ChromeBall.uasset" 505
"../../../Engine/Content/EditorMeshes/ColorCalibrator/M_ClearCoat.uasset" 506
"../../../Engine/Content/EditorMeshes/ColorCalibrator/M_ClearCoatBlack.uasset" 507
"../../../Engine/Content/EditorMeshes/ColorCalibrator/Color_checker.uasset" 508
"../../../Engine/Content/EditorMeshes/ColorCalibrator/M_ColorGrid.uasset" 509
"../../../Engine/Content/EditorMeshes/ColorCalibrator/M_GreyBall.uasset" 510
"../../../Engine/Content/EditorMeshes/ColorCalibrator/SM_ColorCalibrator.uasset" 511
"D:/FER/VO/Git/github2/blazenko/source/Content/StarterContent/Architecture/SM_AssetPlatform.uasset" 512
"D:/FER/VO/Git/github2/blazenko/source/Content/StarterContent/Maps/Advanced_Lighting.umap" 513
"../../../Engine/Content/EngineSky/C_Sky_Cloud_Color.uasset" 514
"../../../Engine/Content/EngineSky/C_Sky_Horizon_Color.uasset" 515
"../../../Engine/Content/EngineSky/C_Sky_Zenith_Color.uasset" 516
"../../../Engine/Content/EngineSky/T_Sky_Blue.uasset" 517
"../../../Engine/Content/EngineSky/T_Sky_Clouds_M.uasset" 518
"../../../Engine/Content/EngineSky/T_Sky_Stars.uasset" 519
"../../../Engine/Content/EngineSky/M_Sky_Panning_Clouds2.uasset" 520
"../../../Engine/Content/EngineSky/SM_SkySphere.uasset" 521
"../../../Engine/Content/EngineSky/BP_Sky_Sphere.uasset" 522
"D:/FER/VO/Git/github2/blazenko/source/Content/StarterContent/Maps/Minimal_Default_BuiltData.uasset" 523
"D:/FER/VO/Git/github2/blazenko/source/Content/StarterContent/Textures/T_MacroVariation.uasset" 524
"D:/FER/VO/Git/github2/blazenko/source/Content/StarterContent/Materials/M_Metal_Brushed_Nickel.uasset" 525
"D:/FER/VO/Git/github2/blazenko/source/Content/StarterContent/Textures/T_Metal_Aluminum_D.uasset" 526
"D:/FER/VO/Git/github2/blazenko/source/Content/StarterContent/Textures/T_Metal_Gold_N.uasset" 527
"D:/FER/VO/Git/github2/blazenko/source/Content/StarterContent/Materials/M_Metal_Burnished_Steel.uasset" 528
"D:/FER/VO/Git/github2/blazenko/source/Content/StarterContent/Textures/T_Metal_Copper_D.uasset" 529
"D:/FER/VO/Git/github2/blazenko/source/Content/StarterContent/Materials/M_Metal_Copper.uasset" 530
"D:/FER/VO/Git/github2/blazenko/source/Content/StarterContent/Textures/T_Statue_M.uasset" 531
"D:/FER/VO/Git/github2/blazenko/source/Content/StarterContent/Textures/T_Statue_N.uasset" 532
"D:/FER/VO/Git/github2/blazenko/source/Content/StarterContent/Props/Materials/M_StatueGlass.uasset" 533
"D:/FER/VO/Git/github2/blazenko/source/Content/StarterContent/Architecture/Floor_400x400.uasset" 534
"D:/FER/VO/Git/github2/blazenko/source/Content/StarterContent/Audio/Starter_Background_Cue.uasset" 535
"D:/FER/VO/Git/github2/blazenko/source/Content/StarterContent/Props/SM_Chair.uasset" 536
"D:/FER/VO/Git/github2/blazenko/source/Content/StarterContent/Props/Materials/M_Statue.uasset" 537
"D:/FER/VO/Git/github2/blazenko/source/Content/StarterContent/Props/SM_Statue.uasset" 538
"D:/FER/VO/Git/github2/blazenko/source/Content/StarterContent/Textures/T_TableRound_M.uasset" 539
"D:/FER/VO/Git/github2/blazenko/source/Content/StarterContent/Textures/T_TableRound_N.uasset" 540
"D:/FER/VO/Git/github2/blazenko/source/Content/StarterContent/Props/Materials/M_TableRound.uasset" 541
"D:/FER/VO/Git/github2/blazenko/source/Content/StarterContent/Props/SM_TableRound.uasset" 542
"D:/FER/VO/Git/github2/blazenko/source/Content/StarterContent/Maps/Minimal_Default.umap" 543
"D:/FER/VO/Git/github2/blazenko/source/Content/StarterContent/Audio/Fire01_Cue.uasset" 544
"D:/FER/VO/Git/github2/blazenko/source/Content/StarterContent/Textures/T_Fire_SubUV.uasset" 545
"D:/FER/VO/Git/github2/blazenko/source/Content/StarterContent/Textures/T_Fire_Tiled_D.uasset" 546
"D:/FER/VO/Git/github2/blazenko/source/Content/StarterContent/Particles/Materials/M_Fire_SubUV.uasset" 547
"D:/FER/VO/Git/github2/blazenko/source/Content/StarterContent/Textures/T_Water_N.uasset" 548
"D:/FER/VO/Git/github2/blazenko/source/Content/StarterContent/Particles/Materials/M_Heat_Distortion.uasset" 549
"D:/FER/VO/Git/github2/blazenko/source/Content/StarterContent/Particles/Materials/M_Radial_Gradient.uasset" 550
"D:/FER/VO/Git/github2/blazenko/source/Content/StarterContent/Particles/P_Fire.uasset" 551
"D:/FER/VO/Git/github2/blazenko/source/Content/StarterContent/Blueprints/Blueprint_Effect_Fire.uasset" 552
"D:/FER/VO/Git/github2/blazenko/source/Content/StarterContent/Audio/Smoke01_Cue.uasset" 553
"D:/FER/VO/Git/github2/blazenko/source/Content/StarterContent/Particles/P_Smoke.uasset" 554
"D:/FER/VO/Git/github2/blazenko/source/Content/StarterContent/Blueprints/Blueprint_Effect_Smoke.uasset" 555
"D:/FER/VO/Git/github2/blazenko/source/Content/StarterContent/Audio/Fire_Sparks01_Cue.uasset" 556
"D:/FER/VO/Git/github2/blazenko/source/Content/StarterContent/Textures/T_Spark_Core.uasset" 557
"D:/FER/VO/Git/github2/blazenko/source/Content/StarterContent/Particles/Materials/M_Spark.uasset" 558
"D:/FER/VO/Git/github2/blazenko/source/Content/StarterContent/Particles/P_Sparks.uasset" 559
"D:/FER/VO/Git/github2/blazenko/source/Content/StarterContent/Blueprints/Blueprint_Effect_Sparks.uasset" 560
"D:/FER/VO/Git/github2/blazenko/source/Content/StarterContent/Audio/Steam01_Cue.uasset" 561
"D:/FER/VO/Git/github2/blazenko/source/Content/StarterContent/Particles/P_Steam_Lit.uasset" 562
"D:/FER/VO/Git/github2/blazenko/source/Content/StarterContent/Blueprints/Blueprint_Effect_Steam.uasset" 563
"D:/FER/VO/Git/github2/blazenko/source/Content/StarterContent/Textures/T_Lamp_M.uasset" 564
"D:/FER/VO/Git/github2/blazenko/source/Content/StarterContent/Textures/T_Lamp_N.uasset" 565
"D:/FER/VO/Git/github2/blazenko/source/Content/StarterContent/Props/Materials/M_Lamp.uasset" 566
"D:/FER/VO/Git/github2/blazenko/source/Content/StarterContent/Props/SM_Lamp_Ceiling.uasset" 567
"D:/FER/VO/Git/github2/blazenko/source/Content/StarterContent/Blueprints/Blueprint_CeilingLight.uasset" 568
"D:/FER/VO/Git/github2/blazenko/source/Content/StarterContent/Props/SM_Lamp_Wall.uasset" 569
"D:/FER/VO/Git/github2/blazenko/source/Content/StarterContent/Blueprints/Blueprint_WallSconce.uasset" 570
"D:/FER/VO/Git/github2/blazenko/source/Content/StarterContent/Maps/StarterMap_BuiltData.uasset" 571
"../../../Engine/Content/Functions/Engine_MaterialFunctions03/Procedurals/ComputeFilterWidth.uasset" 572
"../../../Engine/Content/EngineMaterials/AntiAliasedTextMaterialTranslucent.uasset" 573
"D:/FER/VO/Git/github2/blazenko/source/Content/StarterContent/Textures/T_Brick_Clay_Beveled_D.uasset" 574
"D:/FER/VO/Git/github2/blazenko/source/Content/StarterContent/Textures/T_Brick_Clay_Beveled_M.uasset" 575
"D:/FER/VO/Git/github2/blazenko/source/Content/StarterContent/Textures/T_Brick_Clay_Beveled_N.uasset" 576
"D:/FER/VO/Git/github2/blazenko/source/Content/StarterContent/Materials/M_Brick_Clay_Beveled.uasset" 577
"D:/FER/VO/Git/github2/blazenko/source/Content/StarterContent/Textures/T_Brick_Clay_New_D.uasset" 578
"D:/FER/VO/Git/github2/blazenko/source/Content/StarterContent/Textures/T_Brick_Clay_New_M.uasset" 579
"D:/FER/VO/Git/github2/blazenko/source/Content/StarterContent/Textures/T_Brick_Clay_New_N.uasset" 580
"D:/FER/VO/Git/github2/blazenko/source/Content/StarterContent/Materials/M_Brick_Clay_New.uasset" 581
"D:/FER/VO/Git/github2/blazenko/source/Content/StarterContent/Textures/T_Brick_Clay_Old_D.uasset" 582
"D:/FER/VO/Git/github2/blazenko/source/Content/StarterContent/Textures/T_Brick_Clay_Old_N.uasset" 583
"D:/FER/VO/Git/github2/blazenko/source/Content/StarterContent/Textures/T_Perlin_Noise_M.uasset" 584
"D:/FER/VO/Git/github2/blazenko/source/Content/StarterContent/Materials/M_Brick_Clay_Old.uasset" 585
"D:/FER/VO/Git/github2/blazenko/source/Content/StarterContent/Textures/T_Brick_Cut_Stone_D.uasset" 586
"D:/FER/VO/Git/github2/blazenko/source/Content/StarterContent/Textures/T_Brick_Cut_Stone_N.uasset" 587
"D:/FER/VO/Git/github2/blazenko/source/Content/StarterContent/Materials/M_Brick_Cut_Stone.uasset" 588
"D:/FER/VO/Git/github2/blazenko/source/Content/StarterContent/Textures/T_Brick_Hewn_Stone_D.uasset" 589
"D:/FER/VO/Git/github2/blazenko/source/Content/StarterContent/Textures/T_Brick_Hewn_Stone_M.uasset" 590
"D:/FER/VO/Git/github2/blazenko/source/Content/StarterContent/Textures/T_Brick_Hewn_Stone_N.uasset" 591
"D:/FER/VO/Git/github2/blazenko/source/Content/StarterContent/Materials/M_Brick_Hewn_Stone.uasset" 592
"D:/FER/VO/Git/github2/blazenko/source/Content/StarterContent/Textures/T_Ceramic_Tile_M.uasset" 593
"D:/FER/VO/Git/github2/blazenko/source/Content/StarterContent/Textures/T_Ceramic_Tile_N.uasset" 594
"D:/FER/VO/Git/github2/blazenko/source/Content/StarterContent/Textures/T_Rock_Marble_Polished_D.uasset" 595
"D:/FER/VO/Git/github2/blazenko/source/Content/StarterContent/Materials/M_Ceramic_Tile_Checker.uasset" 596
"D:/FER/VO/Git/github2/blazenko/source/Content/StarterContent/Textures/T_CobbleStone_Pebble_D.uasset" 597
"D:/FER/VO/Git/github2/blazenko/source/Content/StarterContent/Textures/T_CobbleStone_Pebble_M.uasset" 598
"D:/FER/VO/Git/github2/blazenko/source/Content/StarterContent/Textures/T_CobbleStone_Pebble_N.uasset" 599
"D:/FER/VO/Git/github2/blazenko/source/Content/StarterContent/Materials/M_CobbleStone_Pebble.uasset" 600
"D:/FER/VO/Git/github2/blazenko/source/Content/StarterContent/Textures/T_CobbleStone_Rough_D.uasset" 601
"D:/FER/VO/Git/github2/blazenko/source/Content/StarterContent/Textures/T_CobbleStone_Rough_N.uasset" 602
"D:/FER/VO/Git/github2/blazenko/source/Content/StarterContent/Textures/T_Gradinet_01.uasset" 603
"D:/FER/VO/Git/github2/blazenko/source/Content/StarterContent/Textures/T_Rock_Smooth_Granite_D.uasset" 604
"D:/FER/VO/Git/github2/blazenko/source/Content/StarterContent/Materials/M_CobbleStone_Rough.uasset" 605
"D:/FER/VO/Git/github2/blazenko/source/Content/StarterContent/Textures/T_CobbleStone_Smooth_D.uasset" 606
"D:/FER/VO/Git/github2/blazenko/source/Content/StarterContent/Textures/T_CobbleStone_Smooth_M.uasset" 607
"D:/FER/VO/Git/github2/blazenko/source/Content/StarterContent/Textures/T_CobbleStone_Smooth_N.uasset" 608
"D:/FER/VO/Git/github2/blazenko/source/Content/StarterContent/Materials/M_CobbleStone_Smooth.uasset" 609
"D:/FER/VO/Git/github2/blazenko/source/Content/StarterContent/Textures/T_Concrete_Grime_D.uasset" 610
"D:/FER/VO/Git/github2/blazenko/source/Content/StarterContent/Textures/T_Metal_Rust_N.uasset" 611
"D:/FER/VO/Git/github2/blazenko/source/Content/StarterContent/Materials/M_Concrete_Grime.uasset" 612
"D:/FER/VO/Git/github2/blazenko/source/Content/StarterContent/Textures/T_Concrete_Panels_D.uasset" 613
"D:/FER/VO/Git/github2/blazenko/source/Content/StarterContent/Textures/T_Concrete_Panels_N.uasset" 614
"D:/FER/VO/Git/github2/blazenko/source/Content/StarterContent/Materials/M_Concrete_Panels.uasset" 615
"D:/FER/VO/Git/github2/blazenko/source/Content/StarterContent/Textures/T_Concrete_Poured_D.uasset" 616
"D:/FER/VO/Git/github2/blazenko/source/Content/StarterContent/Textures/T_Concrete_Poured_N.uasset" 617
"D:/FER/VO/Git/github2/blazenko/source/Content/StarterContent/Materials/M_Concrete_Poured.uasset" 618
"D:/FER/VO/Git/github2/blazenko/source/Content/StarterContent/Textures/T_Concrete_Tiles_D.uasset" 619
"D:/FER/VO/Git/github2/blazenko/source/Content/StarterContent/Textures/T_Concrete_Tiles_M.uasset" 620
"D:/FER/VO/Git/github2/blazenko/source/Content/StarterContent/Textures/T_Concrete_Tiles_N.uasset" 621
"D:/FER/VO/Git/github2/blazenko/source/Content/StarterContent/Textures/T_Concrete_Tiles_Variation_M.uasset" 622
"D:/FER/VO/Git/github2/blazenko/source/Content/StarterContent/Materials/M_Concrete_Tiles.uasset" 623
"D:/FER/VO/Git/github2/blazenko/source/Content/StarterContent/Textures/T_Ground_Grass_D.uasset" 624
"D:/FER/VO/Git/github2/blazenko/source/Content/StarterContent/Textures/T_Ground_Grass_N.uasset" 625
"D:/FER/VO/Git/github2/blazenko/source/Content/StarterContent/Materials/M_Ground_Grass.uasset" 626
"D:/FER/VO/Git/github2/blazenko/source/Content/StarterContent/Textures/T_Ground_Gravel_D.uasset" 627
"D:/FER/VO/Git/github2/blazenko/source/Content/StarterContent/Textures/T_Ground_Gravel_N.uasset" 628
"D:/FER/VO/Git/github2/blazenko/source/Content/StarterContent/Materials/M_Ground_Gravel.uasset" 629
"D:/FER/VO/Git/github2/blazenko/source/Content/StarterContent/Textures/T_ground_Moss_D.uasset" 630
"D:/FER/VO/Git/github2/blazenko/source/Content/StarterContent/Textures/T_Ground_Moss_N.uasset" 631
"D:/FER/VO/Git/github2/blazenko/source/Content/StarterContent/Materials/M_Ground_Moss.uasset" 632
"D:/FER/VO/Git/github2/blazenko/source/Content/StarterContent/Materials/M_Metal_Chrome.uasset" 633
"D:/FER/VO/Git/github2/blazenko/source/Content/StarterContent/Textures/T_Metal_Gold_D.uasset" 634
"D:/FER/VO/Git/github2/blazenko/source/Content/StarterContent/Materials/M_Metal_Gold.uasset" 635
"D:/FER/VO/Git/github2/blazenko/source/Content/StarterContent/Textures/T_Metal_Rust_D.uasset" 636
"D:/FER/VO/Git/github2/blazenko/source/Content/StarterContent/Materials/M_Metal_Rust.uasset" 637
"D:/FER/VO/Git/github2/blazenko/source/Content/StarterContent/Textures/T_Metal_Steel_D.uasset" 638
"D:/FER/VO/Git/github2/blazenko/source/Content/StarterContent/Textures/T_Metal_Steel_N.uasset" 639
"D:/FER/VO/Git/github2/blazenko/source/Content/StarterContent/Materials/M_Metal_Steel.uasset" 640
"D:/FER/VO/Git/github2/blazenko/source/Content/StarterContent/Textures/T_Rock_Basalt_N.uasset" 641
"D:/FER/VO/Git/github2/blazenko/source/Content/StarterContent/Materials/M_Rock_Basalt.uasset" 642
"D:/FER/VO/Git/github2/blazenko/source/Content/StarterContent/Materials/M_Rock_Marble_Polished.uasset" 643
"D:/FER/VO/Git/github2/blazenko/source/Content/StarterContent/Textures/T_Rock_Sandstone_D.uasset" 644
"D:/FER/VO/Git/github2/blazenko/source/Content/StarterContent/Textures/T_Rock_Sandstone_N.uasset" 645
"D:/FER/VO/Git/github2/blazenko/source/Content/StarterContent/Materials/M_Rock_Sandstone.uasset" 646
"D:/FER/VO/Git/github2/blazenko/source/Content/StarterContent/Textures/T_Rock_Slate_D.uasset" 647
"D:/FER/VO/Git/github2/blazenko/source/Content/StarterContent/Textures/T_Rock_Slate_N.uasset" 648
"D:/FER/VO/Git/github2/blazenko/source/Content/StarterContent/Materials/M_Rock_Slate.uasset" 649
"D:/FER/VO/Git/github2/blazenko/source/Content/StarterContent/Textures/T_Checker_Noise_M.uasset" 650
"D:/FER/VO/Git/github2/blazenko/source/Content/StarterContent/Textures/T_Single_Tile_N.uasset" 651
"D:/FER/VO/Git/github2/blazenko/source/Content/StarterContent/Textures/T_Tech_Dot_M.uasset" 652
"D:/FER/VO/Git/github2/blazenko/source/Content/StarterContent/Textures/T_Tech_Dot_N.uasset" 653
"D:/FER/VO/Git/github2/blazenko/source/Content/StarterContent/Materials/M_Tech_Checker_Dot.uasset" 654
"D:/FER/VO/Git/github2/blazenko/source/Content/StarterContent/Textures/T_Tech_Hex_Tile_M.uasset" 655
"D:/FER/VO/Git/github2/blazenko/source/Content/StarterContent/Textures/T_Tech_Hex_Tile_N.uasset" 656
"D:/FER/VO/Git/github2/blazenko/source/Content/StarterContent/Materials/M_Tech_Hex_Tile.uasset" 657
"D:/FER/VO/Git/github2/blazenko/source/Content/StarterContent/Materials/M_Tech_Hex_Tile_Pulse.uasset" 658
"D:/FER/VO/Git/github2/blazenko/source/Content/StarterContent/Textures/T_Tech_Panel_M.uasset" 659
"D:/FER/VO/Git/github2/blazenko/source/Content/StarterContent/Textures/T_Tech_Panel_N.uasset" 660
"D:/FER/VO/Git/github2/blazenko/source/Content/StarterContent/Materials/M_Tech_Panel.uasset" 661
"D:/FER/VO/Git/github2/blazenko/source/Content/StarterContent/Materials/M_Water_Lake.uasset" 662
"D:/FER/VO/Git/github2/blazenko/source/Content/StarterContent/Textures/T_Water_M.uasset" 663
"D:/FER/VO/Git/github2/blazenko/source/Content/StarterContent/Materials/M_Water_Ocean.uasset" 664
"D:/FER/VO/Git/github2/blazenko/source/Content/StarterContent/Textures/T_Wood_Floor_Walnut_D.uasset" 665
"D:/FER/VO/Git/github2/blazenko/source/Content/StarterContent/Textures/T_Wood_Floor_Walnut_M.uasset" 666
"D:/FER/VO/Git/github2/blazenko/source/Content/StarterContent/Textures/T_Wood_Floor_Walnut_N.uasset" 667
"D:/FER/VO/Git/github2/blazenko/source/Content/StarterContent/Materials/M_Wood_Floor_Walnut_Polished.uasset" 668
"../../../Engine/Content/Functions/Engine_MaterialFunctions01/Opacity/AlphaOffset.uasset" 669
"D:/FER/VO/Git/github2/blazenko/source/Content/StarterContent/Materials/M_Wood_Floor_Walnut_Worn.uasset" 670
"D:/FER/VO/Git/github2/blazenko/source/Content/StarterContent/Textures/T_Wood_Oak_D.uasset" 671
"D:/FER/VO/Git/github2/blazenko/source/Content/StarterContent/Textures/T_Wood_Oak_N.uasset" 672
"D:/FER/VO/Git/github2/blazenko/source/Content/StarterContent/Materials/M_Wood_Oak.uasset" 673
"D:/FER/VO/Git/github2/blazenko/source/Content/StarterContent/Textures/T_Wood_Pine_D.uasset" 674
"D:/FER/VO/Git/github2/blazenko/source/Content/StarterContent/Textures/T_Wood_Pine_N.uasset" 675
"D:/FER/VO/Git/github2/blazenko/source/Content/StarterContent/Materials/M_Wood_Pine.uasset" 676
"D:/FER/VO/Git/github2/blazenko/source/Content/StarterContent/Textures/T_Wood_Walnut_D.uasset" 677
"D:/FER/VO/Git/github2/blazenko/source/Content/StarterContent/Textures/T_Wood_Walnut_N.uasset" 678
"D:/FER/VO/Git/github2/blazenko/source/Content/StarterContent/Materials/M_Wood_Walnut.uasset" 679
"D:/FER/VO/Git/github2/blazenko/source/Content/StarterContent/Architecture/Wall_400x200.uasset" 680
"D:/FER/VO/Git/github2/blazenko/source/Content/StarterContent/Architecture/Wall_Door_400x300.uasset" 681
"D:/FER/VO/Git/github2/blazenko/source/Content/StarterContent/Architecture/Wall_Window_400x300.uasset" 682
"D:/FER/VO/Git/github2/blazenko/source/Content/StarterContent/Audio/Collapse_Cue.uasset" 683
"D:/FER/VO/Git/github2/blazenko/source/Content/StarterContent/Audio/Starter_Music_Cue.uasset" 684
"D:/FER/VO/Git/github2/blazenko/source/Content/StarterContent/Textures/T_Dust_Particle_D.uasset" 685
"D:/FER/VO/Git/github2/blazenko/source/Content/StarterContent/Particles/Materials/M_Dust_Particle.uasset" 686
"D:/FER/VO/Git/github2/blazenko/source/Content/StarterContent/Particles/P_Ambient_Dust.uasset" 687
"D:/FER/VO/Git/github2/blazenko/source/Content/StarterContent/Props/MaterialSphere.uasset" 688
"D:/FER/VO/Git/github2/blazenko/source/Content/StarterContent/Textures/T_Frame_M.uasset" 689
"D:/FER/VO/Git/github2/blazenko/source/Content/StarterContent/Textures/T_Frame_N.uasset" 690
"D:/FER/VO/Git/github2/blazenko/source/Content/StarterContent/Props/Materials/M_Frame.uasset" 691
"D:/FER/VO/Git/github2/blazenko/source/Content/StarterContent/Props/SM_CornerFrame.uasset" 692
"D:/FER/VO/Git/github2/blazenko/source/Content/StarterContent/Props/SM_DoorFrame.uasset" 693
"D:/FER/VO/Git/github2/blazenko/source/Content/StarterContent/Props/SM_GlassWindow.uasset" 694
"D:/FER/VO/Git/github2/blazenko/source/Content/StarterContent/Props/SM_PillarFrame.uasset" 695
"D:/FER/VO/Git/github2/blazenko/source/Content/StarterContent/Props/SM_PillarFrame300.uasset" 696
"D:/FER/VO/Git/github2/blazenko/source/Content/StarterContent/Props/SM_WindowFrame.uasset" 697
"D:/FER/VO/Git/github2/blazenko/source/Content/StarterContent/Shapes/Shape_Cube.uasset" 698
"D:/FER/VO/Git/github2/blazenko/source/Content/StarterContent/Shapes/Shape_QuadPyramid.uasset" 699
"D:/FER/VO/Git/github2/blazenko/source/Content/StarterContent/Shapes/Shape_Sphere.uasset" 700
"D:/FER/VO/Git/github2/blazenko/source/Content/StarterContent/Maps/StarterMap.umap" 701
"D:/FER/VO/Git/github2/blazenko/source/Content/ThirdPersonBP/Maps/BlazenkoArenaMap_BuiltData.uasset" 702
"../../../Engine/Content/MapTemplates/SM_Template_Map_Floor.uasset" 703
"D:/FER/VO/Git/github2/blazenko/source/Content/StarterContent/Architecture/Wall_400x300.uasset" 704
"D:/FER/VO/Git/github2/blazenko/source/Content/StarterContent/Shapes/Shape_Trim.uasset" 705
"D:/FER/VO/Git/github2/blazenko/source/Content/StarterContent/Shapes/Shape_Trim_90_In.uasset" 706
"D:/FER/VO/Git/github2/blazenko/source/Content/ThirdPersonBP/Maps/BlazenkoArenaMap.umap" 707
"D:/FER/VO/Git/github2/blazenko/source/Content/ThirdPersonBP/Maps/ThirdPersonExampleMap_BuiltData.uasset" 708
"D:/FER/VO/Git/github2/blazenko/source/Content/Geometry/Meshes/CubeMaterial.uasset" 709
"D:/FER/VO/Git/github2/blazenko/source/Content/Geometry/Meshes/1M_Cube.uasset" 710
"D:/FER/VO/Git/github2/blazenko/source/Content/Geometry/Meshes/1M_Cube_Chamfer.uasset" 711
"D:/FER/VO/Git/github2/blazenko/source/Content/Geometry/Meshes/TemplateFloor.uasset" 712
"D:/FER/VO/Git/github2/blazenko/source/Content/ThirdPerson/Meshes/RampMaterial.uasset" 713
"D:/FER/VO/Git/github2/blazenko/source/Content/ThirdPerson/Meshes/Bump_StaticMesh.uasset" 714
"D:/FER/VO/Git/github2/blazenko/source/Content/ThirdPerson/Meshes/LeftArm_StaticMesh.uasset" 715
"D:/FER/VO/Git/github2/blazenko/source/Content/ThirdPerson/Meshes/Linear_Stair_StaticMesh.uasset" 716
"D:/FER/VO/Git/github2/blazenko/source/Content/ThirdPerson/Meshes/Ramp_StaticMesh.uasset" 717
"D:/FER/VO/Git/github2/blazenko/source/Content/ThirdPerson/Meshes/RightArm_StaticMesh.uasset" 718
"D:/FER/VO/Git/github2/blazenko/source/Content/ThirdPersonBP/Maps/ThirdPersonExampleMap.umap" 719
"../../../Engine/Content/Maps/Entry_BuiltData.uasset" 720
"../../../Engine/Content/Maps/Entry.umap" 721
